<?xml version="1.0" encoding="UTF-8"?>
<!-- Generated by org.testng.reporters.JUnitXMLReporter -->
<testsuite hostname="DESKTOP-ROG-JUAN" ignored="0" name="Application Test" tests="4" failures="0" timestamp="30 Jan 2019 21:27:01 GMT" time="0.046" errors="0">
  <testcase name="testMethod1" time="0.007" classname="testclasses.BeforeClassAnnotation"/>
  <testcase name="testMethod2" time="0.001" classname="testclasses.BeforeClassAnnotation"/>
  <testcase name="testMethod1" time="0.001" classname="testclasses.TestClass2"/>
  <testcase name="testMethod2" time="0.002" classname="testclasses.TestClass2"/>
</testsuite> <!-- Application Test -->
