<?xml version="1.0" encoding="UTF-8"?>
<testng-results skipped="0" failed="0" ignored="0" total="3" passed="3">
  <reporter-output>
  </reporter-output>
  <suite name="Default suite" duration-ms="44" started-at="2019-01-26T22:02:55Z" finished-at="2019-01-26T22:02:55Z">
    <groups>
    </groups>
    <test name="Default test" duration-ms="44" started-at="2019-01-26T22:02:55Z" finished-at="2019-01-26T22:02:55Z">
      <class name="testclases.TestAnnotation">
        <test-method status="PASS" signature="atestMethod2()[pri:0, instance:testclases.TestAnnotation@1efbd816]" name="atestMethod2" duration-ms="14" started-at="2019-01-26T22:02:55Z" finished-at="2019-01-26T22:02:55Z">
          <reporter-output>
          </reporter-output>
        </test-method> <!-- atestMethod2 -->
        <test-method status="PASS" signature="testMethod1()[pri:0, instance:testclases.TestAnnotation@1efbd816]" name="testMethod1" duration-ms="2" started-at="2019-01-26T22:02:55Z" finished-at="2019-01-26T22:02:55Z">
          <reporter-output>
          </reporter-output>
        </test-method> <!-- testMethod1 -->
        <test-method status="PASS" signature="testMethod3()[pri:0, instance:testclases.TestAnnotation@1efbd816]" name="testMethod3" duration-ms="1" started-at="2019-01-26T22:02:55Z" finished-at="2019-01-26T22:02:55Z">
          <reporter-output>
          </reporter-output>
        </test-method> <!-- testMethod3 -->
      </class> <!-- testclases.TestAnnotation -->
    </test> <!-- Default test -->
  </suite> <!-- Default suite -->
</testng-results>
