<?xml version="1.0" encoding="UTF-8"?>
<testng-results skipped="0" failed="0" ignored="0" total="4" passed="4">
  <reporter-output>
  </reporter-output>
  <suite name="Regression TestSuite" duration-ms="46" started-at="2019-01-30T21:27:01Z" finished-at="2019-01-30T21:27:01Z">
    <groups>
    </groups>
    <test name="Application Test" duration-ms="46" started-at="2019-01-30T21:27:01Z" finished-at="2019-01-30T21:27:01Z">
      <class name="testclasses.TestClass2">
        <test-method status="PASS" signature="setUp()[pri:0, instance:testclasses.TestClass2@4439f31e]" name="setUp" is-config="true" duration-ms="0" started-at="2019-01-30T21:27:01Z" finished-at="2019-01-30T21:27:01Z">
          <reporter-output>
          </reporter-output>
        </test-method> <!-- setUp -->
        <test-method status="PASS" signature="beforeMethod()[pri:0, instance:testclasses.TestClass2@4439f31e]" name="beforeMethod" is-config="true" duration-ms="1" started-at="2019-01-30T21:27:01Z" finished-at="2019-01-30T21:27:01Z">
          <reporter-output>
          </reporter-output>
        </test-method> <!-- beforeMethod -->
        <test-method status="PASS" signature="testMethod1()[pri:0, instance:testclasses.TestClass2@4439f31e]" name="testMethod1" duration-ms="1" started-at="2019-01-30T21:27:01Z" finished-at="2019-01-30T21:27:01Z">
          <reporter-output>
          </reporter-output>
        </test-method> <!-- testMethod1 -->
        <test-method status="PASS" signature="testMethod2()[pri:0, instance:testclasses.TestClass2@4439f31e]" name="testMethod2" duration-ms="2" started-at="2019-01-30T21:27:01Z" finished-at="2019-01-30T21:27:01Z">
          <reporter-output>
          </reporter-output>
        </test-method> <!-- testMethod2 -->
        <test-method status="PASS" signature="afterMethod()[pri:0, instance:testclasses.TestClass2@4439f31e]" name="afterMethod" is-config="true" duration-ms="0" started-at="2019-01-30T21:27:01Z" finished-at="2019-01-30T21:27:01Z">
          <reporter-output>
          </reporter-output>
        </test-method> <!-- afterMethod -->
        <test-method status="PASS" signature="beforeMethod()[pri:0, instance:testclasses.TestClass2@4439f31e]" name="beforeMethod" is-config="true" duration-ms="0" started-at="2019-01-30T21:27:01Z" finished-at="2019-01-30T21:27:01Z">
          <reporter-output>
          </reporter-output>
        </test-method> <!-- beforeMethod -->
        <test-method status="PASS" signature="afterMethod()[pri:0, instance:testclasses.TestClass2@4439f31e]" name="afterMethod" is-config="true" duration-ms="0" started-at="2019-01-30T21:27:01Z" finished-at="2019-01-30T21:27:01Z">
          <reporter-output>
          </reporter-output>
        </test-method> <!-- afterMethod -->
        <test-method status="PASS" signature="cleanUp()[pri:0, instance:testclasses.TestClass2@4439f31e]" name="cleanUp" is-config="true" duration-ms="0" started-at="2019-01-30T21:27:01Z" finished-at="2019-01-30T21:27:01Z">
          <reporter-output>
          </reporter-output>
        </test-method> <!-- cleanUp -->
      </class> <!-- testclasses.TestClass2 -->
      <class name="testclasses.BeforeClassAnnotation">
        <test-method status="PASS" signature="setUp()[pri:0, instance:testclasses.BeforeClassAnnotation@215be6bb]" name="setUp" is-config="true" duration-ms="7" started-at="2019-01-30T21:27:01Z" finished-at="2019-01-30T21:27:01Z">
          <reporter-output>
          </reporter-output>
        </test-method> <!-- setUp -->
        <test-method status="PASS" signature="testMethod1()[pri:0, instance:testclasses.BeforeClassAnnotation@215be6bb]" name="testMethod1" duration-ms="7" started-at="2019-01-30T21:27:01Z" finished-at="2019-01-30T21:27:01Z">
          <reporter-output>
          </reporter-output>
        </test-method> <!-- testMethod1 -->
        <test-method status="PASS" signature="beforeMethod()[pri:0, instance:testclasses.BeforeClassAnnotation@215be6bb]" name="beforeMethod" is-config="true" duration-ms="0" started-at="2019-01-30T21:27:01Z" finished-at="2019-01-30T21:27:01Z">
          <reporter-output>
          </reporter-output>
        </test-method> <!-- beforeMethod -->
        <test-method status="PASS" signature="afterMethod()[pri:0, instance:testclasses.BeforeClassAnnotation@215be6bb]" name="afterMethod" is-config="true" duration-ms="1" started-at="2019-01-30T21:27:01Z" finished-at="2019-01-30T21:27:01Z">
          <reporter-output>
          </reporter-output>
        </test-method> <!-- afterMethod -->
        <test-method status="PASS" signature="beforeMethod()[pri:0, instance:testclasses.BeforeClassAnnotation@215be6bb]" name="beforeMethod" is-config="true" duration-ms="1" started-at="2019-01-30T21:27:01Z" finished-at="2019-01-30T21:27:01Z">
          <reporter-output>
          </reporter-output>
        </test-method> <!-- beforeMethod -->
        <test-method status="PASS" signature="testMethod2()[pri:0, instance:testclasses.BeforeClassAnnotation@215be6bb]" name="testMethod2" duration-ms="1" started-at="2019-01-30T21:27:01Z" finished-at="2019-01-30T21:27:01Z">
          <reporter-output>
          </reporter-output>
        </test-method> <!-- testMethod2 -->
        <test-method status="PASS" signature="afterMethod()[pri:0, instance:testclasses.BeforeClassAnnotation@215be6bb]" name="afterMethod" is-config="true" duration-ms="0" started-at="2019-01-30T21:27:01Z" finished-at="2019-01-30T21:27:01Z">
          <reporter-output>
          </reporter-output>
        </test-method> <!-- afterMethod -->
        <test-method status="PASS" signature="cleanUp()[pri:0, instance:testclasses.BeforeClassAnnotation@215be6bb]" name="cleanUp" is-config="true" duration-ms="0" started-at="2019-01-30T21:27:01Z" finished-at="2019-01-30T21:27:01Z">
          <reporter-output>
          </reporter-output>
        </test-method> <!-- cleanUp -->
      </class> <!-- testclasses.BeforeClassAnnotation -->
    </test> <!-- Application Test -->
  </suite> <!-- Regression TestSuite -->
</testng-results>
